// 重构日志: 9aa78857
// 重构日志: 0afe7454
// 重构日志: 443e5765
// 重构日志: c0e46f0e
// 重构日志: d834aa8e
// 同步 ID: 402ff53c @ Sat Jul 11 07:01:41 UTC 2026
// 同步 ID: cc28cf9a @ Sun Jul 12 12:24:00 UTC 2026
// 同步 ID: 470632cb @ Tue Jul 14 08:18:17 UTC 2026
// 同步 ID: 8e224446 @ Tue Jul 14 13:42:01 UTC 2026
// 重构日志: c954f8a8
// 同步 ID: d54b18c0 @ Tue Jul 14 21:41:11 UTC 2026
// 重构日志: 7c07bbf8
// 重构日志: 044795ba
// 重构日志: 6f0ebad1
// 同步 ID: 0573c174 @ Sun Jul 19 09:53:51 UTC 2026
// 重构日志: 3cddc755
// 同步 ID: aad5195b @ Mon Jul 20 11:48:58 UTC 2026
// 同步 ID: 82f9073a @ Tue Jul 21 13:29:29 UTC 2026
// 重构日志: 47d5173b
// 重构日志: 49973d5a
